# JRE version: OpenJDK Runtime Environment (8.0_152-b01) (build 1.8.0_152-release-915-b01)
# Java VM: OpenJDK 64-Bit Server VM (25.152-b01 mixed mode windows-amd64 compressed oops)
Heap:
 PSYoungGen      total 491008K, used 490950K [0x00000000e0000000, 0x0000000100000000, 0x0000000100000000)
  eden space 465920K, 100% used [0x00000000e0000000,0x00000000fc700000,0x00000000fc700000)
  from space 25088K, 99% used [0x00000000fc700000,0x00000000fdf71b40,0x00000000fdf80000)
  to   space 30720K, 32% used [0x00000000fe200000,0x00000000feb9eb30,0x0000000100000000)
 ParOldGen       total 164864K, used 96066K [0x00000000a0000000, 0x00000000aa100000, 0x00000000e0000000)
  object space 164864K, 58% used [0x00000000a0000000,0x00000000a5dd0898,0x00000000aa100000)
 Metaspace       used 83189K, capacity 90224K, committed 91648K, reserved 1130496K
  class space    used 10230K, capacity 11141K, committed 11520K, reserved 1048576K
GC Heap History (10 events):
Event: 4756.124 GC heap after
Heap after GC invocations=39 (full 4):
 PSYoungGen      total 494080K, used 15977K [0x00000000e0000000, 0x0000000100000000, 0x0000000100000000)
  eden space 467456K, 0% used [0x00000000e0000000,0x00000000e0000000,0x00000000fc880000)
  from space 26624K, 60% used [0x00000000fc880000,0x00000000fd81a558,0x00000000fe280000)
  to   space 26112K, 0% used [0x00000000fe680000,0x00000000fe680000,0x0000000100000000)
 ParOldGen       total 164864K, used 90910K [0x00000000a0000000, 0x00000000aa100000, 0x00000000e0000000)
  object space 164864K, 55% used [0x00000000a0000000,0x00000000a58c7b38,0x00000000aa100000)
 Metaspace       used 82557K, capacity 89088K, committed 90880K, reserved 1128448K
  class space    used 10157K, capacity 11025K, committed 11520K, reserved 1048576K
}
Event: 5873.082 GC heap before
{Heap before GC invocations=40 (full 4):
 PSYoungGen      total 494080K, used 483433K [0x00000000e0000000, 0x0000000100000000, 0x0000000100000000)
  eden space 467456K, 100% used [0x00000000e0000000,0x00000000fc880000,0x00000000fc880000)
  from space 26624K, 60% used [0x00000000fc880000,0x00000000fd81a558,0x00000000fe280000)
  to   space 26112K, 0% used [0x00000000fe680000,0x00000000fe680000,0x0000000100000000)
 ParOldGen       total 164864K, used 90910K [0x00000000a0000000, 0x00000000aa100000, 0x00000000e0000000)
  object space 164864K, 55% used [0x00000000a0000000,0x00000000a58c7b38,0x00000000aa100000)
 Metaspace       used 82674K, capacity 89340K, committed 91136K, reserved 1128448K
  class space    used 10171K, capacity 11045K, committed 11520K, reserved 1048576K
Event: 5873.096 GC heap after
Heap after GC invocations=40 (full 4):
 PSYoungGen      total 495104K, used 15685K [0x00000000e0000000, 0x00000000ffd80000, 0x0000000100000000)
  eden space 471552K, 0% used [0x00000000e0000000,0x00000000e0000000,0x00000000fcc80000)
  from space 23552K, 66% used [0x00000000fe680000,0x00000000ff5d1770,0x00000000ffd80000)
  to   space 25088K, 0% used [0x00000000fcc80000,0x00000000fcc80000,0x00000000fe500000)
 ParOldGen       total 164864K, used 90918K [0x00000000a0000000, 0x00000000aa100000, 0x00000000e0000000)
  object space 164864K, 55% used [0x00000000a0000000,0x00000000a58c9b38,0x00000000aa100000)
 Metaspace       used 82674K, capacity 89340K, committed 91136K, reserved 1128448K
  class space    used 10171K, capacity 11045K, committed 11520K, reserved 1048576K
}
Event: 5927.441 GC heap before
{Heap before GC invocations=41 (full 4):
 PSYoungGen      total 495104K, used 487237K [0x00000000e0000000, 0x00000000ffd80000, 0x0000000100000000)
  eden space 471552K, 100% used [0x00000000e0000000,0x00000000fcc80000,0x00000000fcc80000)
  from space 23552K, 66% used [0x00000000fe680000,0x00000000ff5d1770,0x00000000ffd80000)
  to   space 25088K, 0% used [0x00000000fcc80000,0x00000000fcc80000,0x00000000fe500000)
 ParOldGen       total 164864K, used 90918K [0x00000000a0000000, 0x00000000aa100000, 0x00000000e0000000)
  object space 164864K, 55% used [0x00000000a0000000,0x00000000a58c9b38,0x00000000aa100000)
 Metaspace       used 82912K, capacity 89668K, committed 91136K, reserved 1128448K
  class space    used 10197K, capacity 11109K, committed 11520K, reserved 1048576K
Event: 5927.479 GC heap after
Heap after GC invocations=41 (full 4):
 PSYoungGen      total 496640K, used 25081K [0x00000000e0000000, 0x0000000100000000, 0x0000000100000000)
  eden space 471552K, 0% used [0x00000000e0000000,0x00000000e0000000,0x00000000fcc80000)
  from space 25088K, 99% used [0x00000000fcc80000,0x00000000fe4fe668,0x00000000fe500000)
  to   space 27648K, 0% used [0x00000000fe500000,0x00000000fe500000,0x0000000100000000)
 ParOldGen       total 164864K, used 91094K [0x00000000a0000000, 0x00000000aa100000, 0x00000000e0000000)
  object space 164864K, 55% used [0x00000000a0000000,0x00000000a58f5b48,0x00000000aa100000)
 Metaspace       used 82912K, capacity 89668K, committed 91136K, reserved 1128448K
  class space    used 10197K, capacity 11109K, committed 11520K, reserved 1048576K
}
Event: 6018.895 GC heap before
{Heap before GC invocations=42 (full 4):
 PSYoungGen      total 496640K, used 496633K [0x00000000e0000000, 0x0000000100000000, 0x0000000100000000)
  eden space 471552K, 100% used [0x00000000e0000000,0x00000000fcc80000,0x00000000fcc80000)
  from space 25088K, 99% used [0x00000000fcc80000,0x00000000fe4fe668,0x00000000fe500000)
  to   space 27648K, 0% used [0x00000000fe500000,0x00000000fe500000,0x0000000100000000)
 ParOldGen       total 164864K, used 91094K [0x00000000a0000000, 0x00000000aa100000, 0x00000000e0000000)
  object space 164864K, 55% used [0x00000000a0000000,0x00000000a58f5b48,0x00000000aa100000)
 Metaspace       used 82970K, capacity 89760K, committed 91136K, reserved 1128448K
  class space    used 10206K, capacity 11117K, committed 11520K, reserved 1048576K
Event: 6018.912 GC heap after
Heap after GC invocations=42 (full 4):
 PSYoungGen      total 493568K, used 23547K [0x00000000e0000000, 0x0000000100000000, 0x0000000100000000)
  eden space 465920K, 0% used [0x00000000e0000000,0x00000000e0000000,0x00000000fc700000)
  from space 27648K, 85% used [0x00000000fe500000,0x00000000ffbfee98,0x0000000100000000)
  to   space 29184K, 0% used [0x00000000fc700000,0x00000000fc700000,0x00000000fe380000)
 ParOldGen       total 164864K, used 91102K [0x00000000a0000000, 0x00000000aa100000, 0x00000000e0000000)
  object space 164864K, 55% used [0x00000000a0000000,0x00000000a58f7b48,0x00000000aa100000)
 Metaspace       used 82970K, capacity 89760K, committed 91136K, reserved 1128448K
  class space    used 10206K, capacity 11117K, committed 11520K, reserved 1048576K
}
Event: 6236.193 GC heap before
{Heap before GC invocations=43 (full 4):
 PSYoungGen      total 493568K, used 489467K [0x00000000e0000000, 0x0000000100000000, 0x0000000100000000)
  eden space 465920K, 100% used [0x00000000e0000000,0x00000000fc700000,0x00000000fc700000)
  from space 27648K, 85% used [0x00000000fe500000,0x00000000ffbfee98,0x0000000100000000)
  to   space 29184K, 0% used [0x00000000fc700000,0x00000000fc700000,0x00000000fe380000)
 ParOldGen       total 164864K, used 91102K [0x00000000a0000000, 0x00000000aa100000, 0x00000000e0000000)
  object space 164864K, 55% used [0x00000000a0000000,0x00000000a58f7b48,0x00000000aa100000)
 Metaspace       used 83047K, capacity 89852K, committed 91392K, reserved 1128448K
  class space    used 10213K, capacity 11125K, committed 11520K, reserved 1048576K
Event: 6236.212 GC heap after
Heap after GC invocations=43 (full 4):
 PSYoungGen      total 491008K, used 25030K [0x00000000e0000000, 0x0000000100000000, 0x0000000100000000)
  eden space 465920K, 0% used [0x00000000e0000000,0x00000000e0000000,0x00000000fc700000)
  from space 25088K, 99% used [0x00000000fc700000,0x00000000fdf71b40,0x00000000fdf80000)
  to   space 30720K, 0% used [0x00000000fe200000,0x00000000fe200000,0x0000000100000000)
 ParOldGen       total 164864K, used 91110K [0x00000000a0000000, 0x00000000aa100000, 0x00000000e0000000)
  object space 164864K, 55% used [0x00000000a0000000,0x00000000a58f9b48,0x00000000aa100000)
 Metaspace       used 83047K, capacity 89852K, committed 91392K, reserved 1128448K
  class space    used 10213K, capacity 11125K, committed 11520K, reserved 1048576K
}
Event: 6496.628 GC heap before
{Heap before GC invocations=44 (full 4):
 PSYoungGen      total 491008K, used 490950K [0x00000000e0000000, 0x0000000100000000, 0x0000000100000000)
  eden space 465920K, 100% used [0x00000000e0000000,0x00000000fc700000,0x00000000fc700000)
  from space 25088K, 99% used [0x00000000fc700000,0x00000000fdf71b40,0x00000000fdf80000)
  to   space 30720K, 0% used [0x00000000fe200000,0x00000000fe200000,0x0000000100000000)
 ParOldGen       total 164864K, used 91110K [0x00000000a0000000, 0x00000000aa100000, 0x00000000e0000000)
  object space 164864K, 55% used [0x00000000a0000000,0x00000000a58f9b48,0x00000000aa100000)
 Metaspace       used 83189K, capacity 90224K, committed 91648K, reserved 1130496K
  class space    used 10230K, capacity 11141K, committed 11520K, reserved 1048576K

